. qui: kmatch ps grp ${pred} (wage), ///
>         tval(4) atc att bw(0.001) pscmd(probit) generate wgenerate replace 

. nopo decomp
 
Nopo decomposition                       N                         =      8954
Propensity-score matching:               Kernel bandwidth:         =   1.0e-03

------------------------------------------------------------------------------
                             |              N / %                     Mean
                             | ---------------------------------  ------------
Group                        |  Matched    Unmatched       Total          wage
-----------------------------+------------------------------------------------
A: Native Men                |     5900          149        6049          20.5
   grp == 1                  |     97.5          2.5
B: Immigrant Women           |     2516          389        2905          12.1
   grp == 4 (ref)            |     86.6         13.4
------------------------------------------------------------------------------

------------------------------------------------------------------------------
        wage | Coefficient  Std. err.      z    P>|z|     [95% conf. interval]
-------------+----------------------------------------------------------------
           D |  -8.384027   .2067519   -40.55   0.000    -8.789253   -7.978801
          D0 |   -3.02594   .6471339    -4.68   0.000    -4.294299   -1.757581
          DX |  -5.066576   .6814688    -7.43   0.000     -6.40223   -3.730921
          DA |  -.0101861   .0206239    -0.49   0.621    -.0506082    .0302361
          DB |  -.2813254    .049454    -5.69   0.000    -.3782534   -.1843973
------------------------------------------------------------------------------

