. nopo decomp wage ${pred}, by(grp) bref(grp == 1) swap normalize
Normalized outcome generated: _wage_norm
 
Nopo decomposition                       N                         =      8954
Exact matching:                          N strata                  =      1783
                                         N matched strata          =       488
                                         (unique combinations of matching set)

------------------------------------------------------------------------------
                             |              N / %                     Mean
                             | ---------------------------------  ------------
Group                        |  Matched    Unmatched       Total    _wage_norm
-----------------------------+------------------------------------------------
A: Immigrant Women           |     1387         1518        2905          .591
   grp == 4                  |     47.7         52.3
B: Native Men                |     3110         2939        6049             1
   grp == 1 (ref)            |     51.4         48.6
------------------------------------------------------------------------------

------------------------------------------------------------------------------
  _wage_norm | Coefficient  Std. err.      z    P>|z|     [95% conf. interval]
-------------+----------------------------------------------------------------
           D |   .4090725   .0100878    40.55   0.000     .3893008    .4288443
          D0 |   .1813969   .0299544     6.06   0.000     .1226873    .2401065
          DX |   .1828367   .0328027     5.57   0.000     .1185446    .2471288
          DA |   .0825632   .0062711    13.17   0.000     .0702721    .0948542
          DB |  -.0377243   .0061366    -6.15   0.000    -.0497518   -.0256968
------------------------------------------------------------------------------

