. esttab em ps md ps_probbw, se nonumbers nonotes ///
>          mtitles("exact" "prop. score" "multi. dist." "probit ps") ///
>         stats(nA mshareuwA nB mshareuwB, label("N(A)" "% matched A" "N(B)" "% matched B"))

----------------------------------------------------------------------------
                    exact     prop. score    multi. dist.       probit ps   
----------------------------------------------------------------------------
D                  -8.384***       -8.384***       -8.384***       -8.384***
                  (0.207)         (0.207)         (0.207)         (0.207)   

D0                 -2.406***       -2.652***       -3.957***       -3.680***
                  (0.541)         (0.504)         (0.402)         (0.788)   

DX                 -5.059***       -5.650***       -4.427***       -3.673***
                  (0.606)         (0.546)         (0.452)         (0.829)   

DA                  0.773***            0               0           0.260*  
                  (0.126)             (.)             (.)         (0.101)   

DB                 -1.692***      -0.0827***            0          -1.291***
                  (0.129)        (0.0232)             (.)         (0.111)   
----------------------------------------------------------------------------
N(A)                 6049            6049            6049            6049   
% matched A         51.41             100             100           62.08   
N(B)                 2905            2905            2905            2905   
% matched B         47.75           96.73             100           55.42   
----------------------------------------------------------------------------

