. nopo decomp wage age_c married edu lmexp parttime isco2d, by(grp)
 
Nopo decomposition                       N                         =      8954
Exact matching:                          N strata                  =      1783
                                         N matched strata          =       488
                                         (unique combinations of matching set)

------------------------------------------------------------------------------
                             |              N / %                     Mean
                             | ---------------------------------  ------------
Group                        |  Matched    Unmatched       Total          wage
-----------------------------+------------------------------------------------
A: Native Men                |     3110         2939        6049          20.5
   grp == 1                  |     51.4         48.6
B: Immigrant Women           |     1387         1518        2905          12.1
   grp == 4 (ref)            |     47.7         52.3
------------------------------------------------------------------------------

------------------------------------------------------------------------------
        wage | Coefficient  Std. err.      z    P>|z|     [95% conf. interval]
-------------+----------------------------------------------------------------
           D |  -8.384027   .2067519   -40.55   0.000    -8.789253   -7.978801
          D0 |  -2.406294   .5407104    -4.45   0.000    -3.466067   -1.346521
          DX |   -5.05875   .6061777    -8.35   0.000    -6.246837   -3.870664
          DA |   .7731673   .1257708     6.15   0.000     .5266609    1.019674
          DB |   -1.69215   .1285267   -13.17   0.000    -1.944057   -1.440242
------------------------------------------------------------------------------
